<?xml version="1.0" encoding="UTF-8"?>
<!-- Generated by org.testng.reporters.JUnitReportReporter -->
<testsuite hostname="HARI" failures="0" tests="1" name="runner.TestRunner" time="29.831" errors="0" timestamp="2025-06-12T17:09:12 IST" skipped="0">
  <testcase classname="runner.TestRunner" name="runScenario" time="29.831"/>
  <system-out/>
</testsuite> <!-- runner.TestRunner -->
